<?xml version="1.0" encoding="UTF-8"?>
<!-- Generated by org.testng.reporters.JUnitXMLReporter -->
<testsuite hostname="noi-amitc-w81" name="Default test" tests="10" failures="0" timestamp="31 Jul 2016 07:05:11 GMT" time="31.328" errors="0">
  <testcase name="isPageAccessible" time="9.314" classname="code.Mkyong_ContactUs"/>
  <testcase name="isPageAccessible" time="1.692" classname="code.Mkyong_ContactUs"/>
  <testcase name="isPageAccessible" time="1.766" classname="code.Mkyong_ContactUs"/>
  <testcase name="isPageAccessible" time="2.664" classname="code.Mkyong_ContactUs"/>
  <testcase name="isPageAccessible" time="2.036" classname="code.Mkyong_ContactUs"/>
  <testcase name="isPageAccessible" time="2.101" classname="code.Mkyong_ContactUs"/>
  <testcase name="isPageAccessible" time="1.692" classname="code.Mkyong_ContactUs"/>
  <testcase name="isPageAccessible" time="1.86" classname="code.Mkyong_ContactUs"/>
  <testcase name="isPageAccessible" time="2.31" classname="code.Mkyong_ContactUs"/>
  <testcase name="isPageAccessible" time="1.789" classname="code.Mkyong_ContactUs"/>
</testsuite> <!-- Default test -->
