<?xml version="1.0" encoding="UTF-8"?>
<testng-results skipped="0" failed="0" total="10" passed="10">
  <reporter-output>
  </reporter-output>
  <suite name="Default suite" duration-ms="31328" started-at="2016-07-31T07:04:39Z" finished-at="2016-07-31T07:05:11Z">
    <groups>
    </groups>
    <test name="Default test" duration-ms="31328" started-at="2016-07-31T07:04:39Z" finished-at="2016-07-31T07:05:11Z">
      <class name="code.Mkyong_ContactUs">
        <test-method status="PASS" signature="setUpDriver()[pri:0, instance:code.Mkyong_ContactUs@649d209a]" name="setUpDriver" is-config="true" duration-ms="4077" started-at="2016-07-31T12:34:39Z" finished-at="2016-07-31T12:34:43Z">
          <reporter-output>
          </reporter-output>
        </test-method> <!-- setUpDriver -->
        <test-method status="PASS" signature="isPageAccessible(java.lang.String)[pri:0, instance:code.Mkyong_ContactUs@649d209a]" name="isPageAccessible" duration-ms="9314" started-at="2016-07-31T12:34:43Z" data-provider="multipleURLs" finished-at="2016-07-31T12:34:53Z">
          <params>
            <param index="0">
              <value>
                <![CDATA[Test00]]>
              </value>
            </param>
          </params>
          <reporter-output>
          </reporter-output>
        </test-method> <!-- isPageAccessible -->
        <test-method status="PASS" signature="isPageAccessible(java.lang.String)[pri:0, instance:code.Mkyong_ContactUs@649d209a]" name="isPageAccessible" duration-ms="1692" started-at="2016-07-31T12:34:53Z" data-provider="multipleURLs" finished-at="2016-07-31T12:34:54Z">
          <params>
            <param index="0">
              <value>
                <![CDATA[Test10]]>
              </value>
            </param>
          </params>
          <reporter-output>
          </reporter-output>
        </test-method> <!-- isPageAccessible -->
        <test-method status="PASS" signature="isPageAccessible(java.lang.String)[pri:0, instance:code.Mkyong_ContactUs@649d209a]" name="isPageAccessible" duration-ms="1766" started-at="2016-07-31T12:34:54Z" data-provider="multipleURLs" finished-at="2016-07-31T12:34:56Z">
          <params>
            <param index="0">
              <value>
                <![CDATA[Test20]]>
              </value>
            </param>
          </params>
          <reporter-output>
          </reporter-output>
        </test-method> <!-- isPageAccessible -->
        <test-method status="PASS" signature="isPageAccessible(java.lang.String)[pri:0, instance:code.Mkyong_ContactUs@649d209a]" name="isPageAccessible" duration-ms="2664" started-at="2016-07-31T12:34:56Z" data-provider="multipleURLs" finished-at="2016-07-31T12:34:59Z">
          <params>
            <param index="0">
              <value>
                <![CDATA[Test30]]>
              </value>
            </param>
          </params>
          <reporter-output>
          </reporter-output>
        </test-method> <!-- isPageAccessible -->
        <test-method status="PASS" signature="isPageAccessible(java.lang.String)[pri:0, instance:code.Mkyong_ContactUs@649d209a]" name="isPageAccessible" duration-ms="2036" started-at="2016-07-31T12:34:59Z" data-provider="multipleURLs" finished-at="2016-07-31T12:35:01Z">
          <params>
            <param index="0">
              <value>
                <![CDATA[Test40]]>
              </value>
            </param>
          </params>
          <reporter-output>
          </reporter-output>
        </test-method> <!-- isPageAccessible -->
        <test-method status="PASS" signature="isPageAccessible(java.lang.String)[pri:0, instance:code.Mkyong_ContactUs@649d209a]" name="isPageAccessible" duration-ms="2101" started-at="2016-07-31T12:35:01Z" data-provider="multipleURLs" finished-at="2016-07-31T12:35:03Z">
          <params>
            <param index="0">
              <value>
                <![CDATA[Test50]]>
              </value>
            </param>
          </params>
          <reporter-output>
          </reporter-output>
        </test-method> <!-- isPageAccessible -->
        <test-method status="PASS" signature="isPageAccessible(java.lang.String)[pri:0, instance:code.Mkyong_ContactUs@649d209a]" name="isPageAccessible" duration-ms="1692" started-at="2016-07-31T12:35:03Z" data-provider="multipleURLs" finished-at="2016-07-31T12:35:05Z">
          <params>
            <param index="0">
              <value>
                <![CDATA[Test60]]>
              </value>
            </param>
          </params>
          <reporter-output>
          </reporter-output>
        </test-method> <!-- isPageAccessible -->
        <test-method status="PASS" signature="isPageAccessible(java.lang.String)[pri:0, instance:code.Mkyong_ContactUs@649d209a]" name="isPageAccessible" duration-ms="1860" started-at="2016-07-31T12:35:05Z" data-provider="multipleURLs" finished-at="2016-07-31T12:35:06Z">
          <params>
            <param index="0">
              <value>
                <![CDATA[Test70]]>
              </value>
            </param>
          </params>
          <reporter-output>
          </reporter-output>
        </test-method> <!-- isPageAccessible -->
        <test-method status="PASS" signature="isPageAccessible(java.lang.String)[pri:0, instance:code.Mkyong_ContactUs@649d209a]" name="isPageAccessible" duration-ms="2310" started-at="2016-07-31T12:35:06Z" data-provider="multipleURLs" finished-at="2016-07-31T12:35:09Z">
          <params>
            <param index="0">
              <value>
                <![CDATA[Test80]]>
              </value>
            </param>
          </params>
          <reporter-output>
          </reporter-output>
        </test-method> <!-- isPageAccessible -->
        <test-method status="PASS" signature="isPageAccessible(java.lang.String)[pri:0, instance:code.Mkyong_ContactUs@649d209a]" name="isPageAccessible" duration-ms="1789" started-at="2016-07-31T12:35:09Z" data-provider="multipleURLs" finished-at="2016-07-31T12:35:11Z">
          <params>
            <param index="0">
              <value>
                <![CDATA[Test90]]>
              </value>
            </param>
          </params>
          <reporter-output>
          </reporter-output>
        </test-method> <!-- isPageAccessible -->
        <test-method status="PASS" signature="closeBrowserInstance()[pri:0, instance:code.Mkyong_ContactUs@649d209a]" name="closeBrowserInstance" is-config="true" duration-ms="9" started-at="2016-07-31T12:35:11Z" finished-at="2016-07-31T12:35:11Z">
          <reporter-output>
          </reporter-output>
        </test-method> <!-- closeBrowserInstance -->
      </class> <!-- code.Mkyong_ContactUs -->
    </test> <!-- Default test -->
  </suite> <!-- Default suite -->
</testng-results>
